[debug] [2022-03-21T09:11:08.555Z] ----------------------------------------------------------------------
[debug] [2022-03-21T09:11:08.556Z] Command:       /usr/local/bin/node /usr/local/bin/firebase init
[debug] [2022-03-21T09:11:08.557Z] CLI Version:   9.19.0
[debug] [2022-03-21T09:11:08.557Z] Platform:      darwin
[debug] [2022-03-21T09:11:08.557Z] Node Version:  v16.13.0
[debug] [2022-03-21T09:11:08.558Z] Time:          Mon Mar 21 2022 15:11:08 GMT+0600 (Kyrgyzstan Time)
[debug] [2022-03-21T09:11:08.558Z] ----------------------------------------------------------------------
[debug] 
[debug] [2022-03-21T09:11:08.562Z] > command requires scopes: ["email","openid","https://www.googleapis.com/auth/cloudplatformprojects.readonly","https://www.googleapis.com/auth/firebase","https://www.googleapis.com/auth/cloud-platform"]
[debug] [2022-03-21T09:11:08.562Z] > authorizing via signed-in user (untrupus@gmail.com)
[info] 
     ######## #### ########  ######## ########     ###     ######  ########
     ##        ##  ##     ## ##       ##     ##  ##   ##  ##       ##
     ######    ##  ########  ######   ########  #########  ######  ######
     ##        ##  ##    ##  ##       ##     ## ##     ##       ## ##
     ##       #### ##     ## ######## ########  ##     ##  ######  ########

You're about to initialize a Firebase project in this directory:

  /Users/ivanvolodsartsev/Desktop/firebase/firebase-auth

[info] 
=== Project Setup
[info] 
[info] First, let's associate this project directory with a Firebase project.
[info] You can create multiple project aliases by running firebase use --add, 
[info] but for now we'll just set up a default project.
[info] 
[debug] [2022-03-21T09:11:19.803Z] > refreshing access token with scopes: []
[debug] [2022-03-21T09:11:19.804Z] >>> HTTP REQUEST POST https://www.googleapis.com/oauth2/v3/token  
 <request body omitted>
[debug] [2022-03-21T09:11:20.158Z] <<< HTTP RESPONSE 200 {"pragma":"no-cache","cache-control":"no-cache, no-store, max-age=0, must-revalidate","date":"Mon, 21 Mar 2022 09:11:20 GMT","expires":"Mon, 01 Jan 1990 00:00:00 GMT","content-type":"application/json; charset=utf-8","vary":"X-Origin, Referer, Origin,Accept-Encoding","server":"scaffolding on HTTPServer2","x-xss-protection":"0","x-frame-options":"SAMEORIGIN","x-content-type-options":"nosniff","alt-svc":"h3=\":443\"; ma=2592000,h3-29=\":443\"; ma=2592000,h3-Q050=\":443\"; ma=2592000,h3-Q046=\":443\"; ma=2592000,h3-Q043=\":443\"; ma=2592000,quic=\":443\"; ma=2592000; v=\"46,43\"","accept-ranges":"none","transfer-encoding":"chunked"}
[debug] [2022-03-21T09:11:20.210Z] >>> [apiv2][query] GET https://firebase.googleapis.com/v1beta1/projects pageSize=100
[debug] [2022-03-21T09:11:20.921Z] <<< [apiv2][status] GET https://firebase.googleapis.com/v1beta1/projects 200
[debug] [2022-03-21T09:11:20.921Z] <<< [apiv2][body] GET https://firebase.googleapis.com/v1beta1/projects [omitted]
